zfxc_wbx/build/outputs/logs/manifest-merger-debug-report.txt
-- Merging decision tree log ---
manifest
ADDED from src\main\AndroidManifest.xml:2:1-368:12
	package
		ADDED from src\main\AndroidManifest.xml:3:5-35
		INJECTED from src\main\AndroidManifest.xml
		INJECTED from src\main\AndroidManifest.xml
	android:versionName
		ADDED from src\main\AndroidManifest.xml:5:5-30
		INJECTED from src\main\AndroidManifest.xml
		INJECTED from src\main\AndroidManifest.xml
	android:versionCode
		ADDED from src\main\AndroidManifest.xml:4:5-28
		INJECTED from src\main\AndroidManifest.xml
		INJECTED from src\main\AndroidManifest.xml
	xmlns:android
		ADDED from src\main\AndroidManifest.xml:2:11-69
uses-sdk
ADDED from src\main\AndroidManifest.xml:7:5-9:41
MERGED from [com.android.support:appcompat-v7:22.2.1] AndroidManifest.xml:20:5-43
MERGED from [com.android.support:support-v4:22.2.1] AndroidManifest.xml:20:5-43
	android:targetSdkVersion
		ADDED from src\main\AndroidManifest.xml:9:9-38
		INJECTED from src\main\AndroidManifest.xml
		INJECTED from src\main\AndroidManifest.xml
	android:minSdkVersion
		ADDED from src\main\AndroidManifest.xml:8:9-34
		INJECTED from src\main\AndroidManifest.xml
		INJECTED from src\main\AndroidManifest.xml
uses-permission#android.permission.ACCESS_COARSE_LOCATION
ADDED from src\main\AndroidManifest.xml:11:5-81
	android:name
		ADDED from src\main\AndroidManifest.xml:11:22-78
uses-permission#android.permission.INTERNET
ADDED from src\main\AndroidManifest.xml:12:5-67
	android:name
		ADDED from src\main\AndroidManifest.xml:12:22-64
uses-permission#android.permission.ACCESS_FINE_LOCATION
ADDED from src\main\AndroidManifest.xml:13:5-79
	android:name
		ADDED from src\main\AndroidManifest.xml:13:22-76
uses-permission#android.permission.ACCESS_WIFI_STATE
ADDED from src\main\AndroidManifest.xml:14:5-15:23
	android:name
		ADDED from src\main\AndroidManifest.xml:14:22-73
uses-permission#android.permission.ACCESS_NETWORK_STATE
ADDED from src\main\AndroidManifest.xml:16:5-17:23
	android:name
		ADDED from src\main\AndroidManifest.xml:16:22-76
uses-permission#android.permission.WRITE_EXTERNAL_STORAGE
ADDED from src\main\AndroidManifest.xml:18:5-19:23
	android:name
		ADDED from src\main\AndroidManifest.xml:18:22-78
uses-permission#android.permission.CHANGE_WIFI_STATE
ADDED from src\main\AndroidManifest.xml:20:5-21:23
	android:name
		ADDED from src\main\AndroidManifest.xml:20:22-73
uses-permission#android.permission.MOUNT_UNMOUNT_FILESYSTEMS
ADDED from src\main\AndroidManifest.xml:22:5-23:23
	android:name
		ADDED from src\main\AndroidManifest.xml:22:22-81
uses-permission#android.permission.WRITE_SETTINGS
ADDED from src\main\AndroidManifest.xml:24:5-25:23
	android:name
		ADDED from src\main\AndroidManifest.xml:24:22-70
uses-permission#android.permission.WAKE_LOCK
ADDED from src\main\AndroidManifest.xml:26:5-68
	android:name
		ADDED from src\main\AndroidManifest.xml:26:22-65
uses-permission#android.permission.WRITE_OWNER_DATA
ADDED from src\main\AndroidManifest.xml:27:5-75
	android:name
		ADDED from src\main\AndroidManifest.xml:27:22-72
uses-permission#android.permission.RECORD_AUDIO
ADDED from src\main\AndroidManifest.xml:28:5-71
	android:name
		ADDED from src\main\AndroidManifest.xml:28:22-68
uses-permission#android.permission.READ_EXTERNAL_STORAGE
ADDED from src\main\AndroidManifest.xml:29:5-30:23
	android:name
		ADDED from src\main\AndroidManifest.xml:29:22-77
uses-permission#android.permission.CHANGE_CONFIGURATION
ADDED from src\main\AndroidManifest.xml:31:5-79
	android:name
		ADDED from src\main\AndroidManifest.xml:31:22-76
uses-permission#android.permission.READ_LOGS
ADDED from src\main\AndroidManifest.xml:32:5-33:23
	android:name
		ADDED from src\main\AndroidManifest.xml:32:22-65
uses-permission#android.permission.VIBRATE
ADDED from src\main\AndroidManifest.xml:34:5-35:23
	android:name
		ADDED from src\main\AndroidManifest.xml:34:22-63
uses-permission#android.permission.READ_PHONE_STATE
ADDED from src\main\AndroidManifest.xml:36:5-37:23
	android:name
		ADDED from src\main\AndroidManifest.xml:36:22-72
uses-permission#android.permission.CAMERA
ADDED from src\main\AndroidManifest.xml:38:5-65
	android:name
		ADDED from src\main\AndroidManifest.xml:38:22-62
uses-permission#android.permission.FLASHLIGHT
ADDED from src\main\AndroidManifest.xml:41:5-69
	android:name
		ADDED from src\main\AndroidManifest.xml:41:22-66
uses-permission#android.permission.READ_CONTACTS
ADDED from src\main\AndroidManifest.xml:42:5-72
	android:name
		ADDED from src\main\AndroidManifest.xml:42:22-69
uses-permission#com.android.browser.permission.READ_HISTORY_BOOKMARKS
ADDED from src\main\AndroidManifest.xml:43:5-93
	android:name
		ADDED from src\main\AndroidManifest.xml:43:22-90
uses-feature#android.hardware.camera2
ADDED from src\main\AndroidManifest.xml:47:1-49:35
	android:required
		ADDED from src\main\AndroidManifest.xml:49:9-32
	android:name
		ADDED from src\main\AndroidManifest.xml:48:9-48
uses-feature#android.hardware.camera
ADDED from src\main\AndroidManifest.xml:50:5-52:35
	android:required
		ADDED from src\main\AndroidManifest.xml:52:9-32
	android:name
		ADDED from src\main\AndroidManifest.xml:51:9-47
uses-feature#android.hardware.camera.front
ADDED from src\main\AndroidManifest.xml:53:5-55:35
	android:required
		ADDED from src\main\AndroidManifest.xml:55:9-32
	android:name
		ADDED from src\main\AndroidManifest.xml:54:9-53
uses-feature#android.hardware.camera.autofocus
ADDED from src\main\AndroidManifest.xml:56:5-58:36
	android:required
		ADDED from src\main\AndroidManifest.xml:58:9-33
	android:name
		ADDED from src\main\AndroidManifest.xml:57:9-57
uses-feature#android.hardware.camera.flash
ADDED from src\main\AndroidManifest.xml:59:5-61:36
	android:required
		ADDED from src\main\AndroidManifest.xml:61:9-33
	android:name
		ADDED from src\main\AndroidManifest.xml:60:9-53
uses-feature#android.hardware.screen.landscape
ADDED from src\main\AndroidManifest.xml:62:5-70
	android:name
		ADDED from src\main\AndroidManifest.xml:62:19-67
uses-feature#android.hardware.wifi
ADDED from src\main\AndroidManifest.xml:63:5-65:36
	android:required
		ADDED from src\main\AndroidManifest.xml:65:9-33
	android:name
		ADDED from src\main\AndroidManifest.xml:64:9-45
uses-feature#android.hardware.touchscreen
ADDED from src\main\AndroidManifest.xml:66:5-65
	android:name
		ADDED from src\main\AndroidManifest.xml:66:19-62
application
ADDED from src\main\AndroidManifest.xml:68:5-352:19
MERGED from [com.android.support:appcompat-v7:22.2.1] AndroidManifest.xml:22:5-20
MERGED from [com.android.support:support-v4:22.2.1] AndroidManifest.xml:22:5-20
	android:label
		ADDED from src\main\AndroidManifest.xml:72:9-41
	android:allowBackup
		ADDED from src\main\AndroidManifest.xml:70:9-35
	android:icon
		ADDED from src\main\AndroidManifest.xml:71:9-41
	android:theme
		ADDED from src\main\AndroidManifest.xml:73:9-40
	android:name
		ADDED from src\main\AndroidManifest.xml:69:10-61
meta-data#com.baidu.lbsapi.API_KEY
ADDED from src\main\AndroidManifest.xml:74:9-76:64
	android:value
		ADDED from src\main\AndroidManifest.xml:76:13-61
	android:name
		ADDED from src\main\AndroidManifest.xml:75:13-52
service#com.baidu.location.f
ADDED from src\main\AndroidManifest.xml:79:9-87:19
	android:enabled
		ADDED from src\main\AndroidManifest.xml:81:13-35
	android:process
		ADDED from src\main\AndroidManifest.xml:82:13-38
	android:name
		ADDED from src\main\AndroidManifest.xml:80:13-48
intent-filter#com.baidu.location.service_v2.2
ADDED from src\main\AndroidManifest.xml:83:13-86:29
action#com.baidu.location.service_v2.2
ADDED from src\main\AndroidManifest.xml:84:17-85:26
	android:name
		ADDED from src\main\AndroidManifest.xml:84:25-71
service#com.zfxc.service.DownloadService
ADDED from src\main\AndroidManifest.xml:88:9-89:19
	android:name
		ADDED from src\main\AndroidManifest.xml:88:18-65
service#com.zfxc.service.DownloadConFileService
ADDED from src\main\AndroidManifest.xml:90:10-91:19
	android:name
		ADDED from src\main\AndroidManifest.xml:90:19-73
activity#com.zfxc.wbx.MainActivity
ADDED from src\main\AndroidManifest.xml:93:9-100:20
	android:label
		ADDED from src\main\AndroidManifest.xml:95:13-45
	android:name
		ADDED from src\main\AndroidManifest.xml:94:13-53
intent-filter#com.zfxc.maputil.LocationApplication
ADDED from src\main\AndroidManifest.xml:97:13-99:29
category#com.zfxc.maputil.LocationApplication
ADDED from src\main\AndroidManifest.xml:98:17-81
	android:name
		ADDED from src\main\AndroidManifest.xml:98:27-78
activity#com.zfxc.ui.LoginActivity
ADDED from src\main\AndroidManifest.xml:101:9-104:20
	android:label
		ADDED from src\main\AndroidManifest.xml:103:13-57
	android:name
		ADDED from src\main\AndroidManifest.xml:102:13-53
activity#com.zfxc.ui.NYXCZFEditActivity
ADDED from src\main\AndroidManifest.xml:105:10-107:20
	android:name
		ADDED from src\main\AndroidManifest.xml:106:13-58
activity#com.zfxc.ui.JCXCZFEditActivity
ADDED from src\main\AndroidManifest.xml:108:9-110:20
	android:name
		ADDED from src\main\AndroidManifest.xml:109:13-58
activity#com.zfxc.ui.DBXCZFEditActivity
ADDED from src\main\AndroidManifest.xml:111:9-113:20
	android:name
		ADDED from src\main\AndroidManifest.xml:112:13-58
activity#com.zfxc.ui.NCPZLZFEditActivity
ADDED from src\main\AndroidManifest.xml:114:9-119:20
	android:name
		ADDED from src\main\AndroidManifest.xml:115:13-59
intent-filter#android.intent.category.DEFAULT
ADDED from src\main\AndroidManifest.xml:116:13-118:29
category#android.intent.category.DEFAULT
ADDED from src\main\AndroidManifest.xml:117:13-71
	android:name
		ADDED from src\main\AndroidManifest.xml:117:23-69
activity#com.zfxc.ui.PFKHEditActivity
ADDED from src\main\AndroidManifest.xml:120:9-122:20
	android:name
		ADDED from src\main\AndroidManifest.xml:121:13-56
activity#com.zfxc.ui.FXCQuery
ADDED from src\main\AndroidManifest.xml:123:9-125:20
	android:name
		ADDED from src\main\AndroidManifest.xml:124:13-48
activity#com.zfxc.ui.WGHQuery
ADDED from src\main\AndroidManifest.xml:126:10-128:20
	android:name
		ADDED from src\main\AndroidManifest.xml:127:13-48
activity#com.zfxc.ui.SJfbrw
ADDED from src\main\AndroidManifest.xml:129:10-131:20
	android:name
		ADDED from src\main\AndroidManifest.xml:130:13-46
activity#com.zfxc.ui.TaskPerformList
ADDED from src\main\AndroidManifest.xml:132:9-135:20
	android:name
		ADDED from src\main\AndroidManifest.xml:133:13-55
activity#com.zfxc.ui.WebConfigActivity
ADDED from src\main\AndroidManifest.xml:136:9-139:20
	android:label
		ADDED from src\main\AndroidManifest.xml:138:13-62
	android:name
		ADDED from src\main\AndroidManifest.xml:137:13-57
activity#com.zfxc.enviroment.EnvironmentActivity
ADDED from src\main\AndroidManifest.xml:140:9-143:20
	android:label
		ADDED from src\main\AndroidManifest.xml:142:13-33
	android:name
		ADDED from src\main\AndroidManifest.xml:141:13-67
activity#com.zfxc.ui.WelcomePage
ADDED from src\main\AndroidManifest.xml:144:9-152:20
	android:label
		ADDED from src\main\AndroidManifest.xml:146:13-45
	android:name
		ADDED from src\main\AndroidManifest.xml:145:13-51
intent-filter#android.intent.action.MAIN+android.intent.category.LAUNCHER
ADDED from src\main\AndroidManifest.xml:147:13-151:29
action#android.intent.action.MAIN
ADDED from src\main\AndroidManifest.xml:148:17-69
	android:name
		ADDED from src\main\AndroidManifest.xml:148:25-66
category#android.intent.category.LAUNCHER
ADDED from src\main\AndroidManifest.xml:150:17-77
	android:name
		ADDED from src\main\AndroidManifest.xml:150:27-74
activity#com.zfxc.ui.ZfxceditActivity
ADDED from src\main\AndroidManifest.xml:153:9-156:20
	android:label
		ADDED from src\main\AndroidManifest.xml:155:13-60
	android:name
		ADDED from src\main\AndroidManifest.xml:154:13-56
activity#com.login.LoginActivity
ADDED from src\main\AndroidManifest.xml:160:9-165:20
	android:screenOrientation
		ADDED from src\main\AndroidManifest.xml:163:13-49
	android:label
		ADDED from src\main\AndroidManifest.xml:162:13-45
	android:windowSoftInputMode
		ADDED from src\main\AndroidManifest.xml:164:13-54
	android:name
		ADDED from src\main\AndroidManifest.xml:161:13-51
activity#com.resource.ResourceListActivity
ADDED from src\main\AndroidManifest.xml:166:9-168:52
	android:screenOrientation
		ADDED from src\main\AndroidManifest.xml:168:13-49
	android:name
		ADDED from src\main\AndroidManifest.xml:167:13-61
activity#com.live.LiveActivity
ADDED from src\main\AndroidManifest.xml:169:9-171:52
	android:screenOrientation
		ADDED from src\main\AndroidManifest.xml:171:13-49
	android:name
		ADDED from src\main\AndroidManifest.xml:170:13-49
activity#com.playback.PlayBackActivity
ADDED from src\main\AndroidManifest.xml:172:9-174:52
	android:screenOrientation
		ADDED from src\main\AndroidManifest.xml:174:13-49
	android:name
		ADDED from src\main\AndroidManifest.xml:173:13-57
activity#com.login.ServerSettingActivity
ADDED from src\main\AndroidManifest.xml:175:9-177:52
	android:screenOrientation
		ADDED from src\main\AndroidManifest.xml:177:13-49
	android:name
		ADDED from src\main\AndroidManifest.xml:176:13-59
activity#com.zfxc.ui.XCZFEditActivity
ADDED from src\main\AndroidManifest.xml:178:9-181:20
	android:label
		ADDED from src\main\AndroidManifest.xml:180:13-60
	android:name
		ADDED from src\main\AndroidManifest.xml:179:13-56
activity#com.zfxc.ui.ZFSCDetailActivity
ADDED from src\main\AndroidManifest.xml:182:9-185:20
	android:label
		ADDED from src\main\AndroidManifest.xml:184:13-62
	android:name
		ADDED from src\main\AndroidManifest.xml:183:13-58
activity#com.zfxc.ui.SpaceImageDetailActivity
ADDED from src\main\AndroidManifest.xml:187:9-191:20
	android:label
		ADDED from src\main\AndroidManifest.xml:189:13-45
	android:theme
		ADDED from src\main\AndroidManifest.xml:190:13-55
	android:name
		ADDED from src\main\AndroidManifest.xml:188:13-64
activity#com.example.zfxc.DisplayZFXCActivity
ADDED from src\main\AndroidManifest.xml:192:9-195:20
	android:label
		ADDED from src\main\AndroidManifest.xml:194:13-64
	android:name
		ADDED from src\main\AndroidManifest.xml:193:13-64
activity#com.zfxc.ui.ZFXCSTATActivity
ADDED from src\main\AndroidManifest.xml:196:9-200:20
	android:label
		ADDED from src\main\AndroidManifest.xml:198:13-60
	android:windowSoftInputMode
		ADDED from src\main\AndroidManifest.xml:199:13-67
	android:name
		ADDED from src\main\AndroidManifest.xml:197:13-56
activity#com.google.zxing.client.android.CaptureActivity
ADDED from src\main\AndroidManifest.xml:203:9-260:20
	android:clearTaskOnLaunch
		ADDED from src\main\AndroidManifest.xml:205:13-45
	android:screenOrientation
		ADDED from src\main\AndroidManifest.xml:207:13-50
	android:stateNotNeeded
		ADDED from src\main\AndroidManifest.xml:208:13-42
	android:windowSoftInputMode
		ADDED from src\main\AndroidManifest.xml:210:13-60
	android:configChanges
		ADDED from src\main\AndroidManifest.xml:206:13-63
	android:theme
		ADDED from src\main\AndroidManifest.xml:209:13-71
	android:name
		ADDED from src\main\AndroidManifest.xml:204:13-75
intent-filter#android.intent.category.DEFAULT+com.google.zxing.client.android.SCAN
ADDED from src\main\AndroidManifest.xml:211:13-215:29
action#com.google.zxing.client.android.SCAN
ADDED from src\main\AndroidManifest.xml:212:17-79
	android:name
		ADDED from src\main\AndroidManifest.xml:212:25-76
intent-filter#android.intent.action.VIEW+android.intent.category.BROWSABLE+android.intent.category.DEFAULT
ADDED from src\main\AndroidManifest.xml:216:13-226:29
action#android.intent.action.VIEW
ADDED from src\main\AndroidManifest.xml:217:17-69
	android:name
		ADDED from src\main\AndroidManifest.xml:217:25-66
category#android.intent.category.BROWSABLE
ADDED from src\main\AndroidManifest.xml:220:17-78
	android:name
		ADDED from src\main\AndroidManifest.xml:220:27-75
data
ADDED from src\main\AndroidManifest.xml:222:17-225:45
	android:path
		ADDED from src\main\AndroidManifest.xml:224:21-41
	android:host
		ADDED from src\main\AndroidManifest.xml:223:21-53
	android:scheme
		ADDED from src\main\AndroidManifest.xml:225:21-42
activity#com.google.zxing.client.android.PreferencesActivity
ADDED from src\main\AndroidManifest.xml:261:9-265:20
	android:label
		ADDED from src\main\AndroidManifest.xml:263:13-53
	android:stateNotNeeded
		ADDED from src\main\AndroidManifest.xml:264:13-42
	android:name
		ADDED from src\main\AndroidManifest.xml:262:13-79
activity#com.google.zxing.client.android.encode.EncodeActivity
ADDED from src\main\AndroidManifest.xml:266:9-288:20
	android:stateNotNeeded
		ADDED from src\main\AndroidManifest.xml:268:13-42
	android:name
		ADDED from src\main\AndroidManifest.xml:267:13-81
intent-filter#android.intent.category.DEFAULT+com.google.zxing.client.android.ENCODE
ADDED from src\main\AndroidManifest.xml:269:13-273:29
action#com.google.zxing.client.android.ENCODE
ADDED from src\main\AndroidManifest.xml:270:17-81
	android:name
		ADDED from src\main\AndroidManifest.xml:270:25-78
intent-filter#android.intent.action.SEND+android.intent.category.DEFAULT
ADDED from src\main\AndroidManifest.xml:274:13-280:29
action#android.intent.action.SEND
ADDED from src\main\AndroidManifest.xml:275:17-69
	android:name
		ADDED from src\main\AndroidManifest.xml:275:25-66
activity#com.google.zxing.client.android.book.SearchBookContentsActivity
ADDED from src\main\AndroidManifest.xml:289:9-300:20
	android:screenOrientation
		ADDED from src\main\AndroidManifest.xml:293:13-50
	android:label
		ADDED from src\main\AndroidManifest.xml:292:13-45
	android:stateNotNeeded
		ADDED from src\main\AndroidManifest.xml:294:13-42
	android:configChanges
		ADDED from src\main\AndroidManifest.xml:291:13-63
	android:name
		ADDED from src\main\AndroidManifest.xml:290:13-91
intent-filter#android.intent.category.DEFAULT+com.google.zxing.client.android.SEARCH_BOOK_CONTENTS
ADDED from src\main\AndroidManifest.xml:295:13-299:29
action#com.google.zxing.client.android.SEARCH_BOOK_CONTENTS
ADDED from src\main\AndroidManifest.xml:296:17-95
	android:name
		ADDED from src\main\AndroidManifest.xml:296:25-92
activity#com.google.zxing.client.android.share.ShareActivity
ADDED from src\main\AndroidManifest.xml:301:9-311:20
	android:screenOrientation
		ADDED from src\main\AndroidManifest.xml:303:13-45
	android:stateNotNeeded
		ADDED from src\main\AndroidManifest.xml:304:13-42
	android:theme
		ADDED from src\main\AndroidManifest.xml:305:13-55
	android:name
		ADDED from src\main\AndroidManifest.xml:302:13-79
intent-filter#android.intent.category.DEFAULT+com.google.zxing.client.android.SHARE
ADDED from src\main\AndroidManifest.xml:306:13-310:29
action#com.google.zxing.client.android.SHARE
ADDED from src\main\AndroidManifest.xml:307:17-80
	android:name
		ADDED from src\main\AndroidManifest.xml:307:25-77
activity#com.google.zxing.client.android.history.HistoryActivity
ADDED from src\main\AndroidManifest.xml:312:9-321:20
	android:label
		ADDED from src\main\AndroidManifest.xml:314:13-50
	android:stateNotNeeded
		ADDED from src\main\AndroidManifest.xml:315:13-42
	android:name
		ADDED from src\main\AndroidManifest.xml:313:13-83
intent-filter#android.intent.action.VIEW+android.intent.category.DEFAULT
ADDED from src\main\AndroidManifest.xml:316:13-320:29
activity#com.google.zxing.client.android.share.BookmarkPickerActivity
ADDED from src\main\AndroidManifest.xml:322:9-331:20
	android:label
		ADDED from src\main\AndroidManifest.xml:324:13-57
	android:stateNotNeeded
		ADDED from src\main\AndroidManifest.xml:325:13-42
	android:name
		ADDED from src\main\AndroidManifest.xml:323:13-88
intent-filter#android.intent.action.PICK+android.intent.category.DEFAULT
ADDED from src\main\AndroidManifest.xml:326:13-330:29
action#android.intent.action.PICK
ADDED from src\main\AndroidManifest.xml:327:17-69
	android:name
		ADDED from src\main\AndroidManifest.xml:327:25-66
activity#com.google.zxing.client.android.share.AppPickerActivity
ADDED from src\main\AndroidManifest.xml:332:9-342:20
	android:label
		ADDED from src\main\AndroidManifest.xml:335:13-52
	android:stateNotNeeded
		ADDED from src\main\AndroidManifest.xml:336:13-42
	android:configChanges
		ADDED from src\main\AndroidManifest.xml:334:13-48
	android:name
		ADDED from src\main\AndroidManifest.xml:333:13-83
activity#com.google.zxing.client.android.HelpActivity
ADDED from src\main\AndroidManifest.xml:343:9-351:20
	android:screenOrientation
		ADDED from src\main\AndroidManifest.xml:345:13-45
	android:name
		ADDED from src\main\AndroidManifest.xml:344:13-72
instrumentation
ADDED from src\main\AndroidManifest.xml:354:5-357:62
	android:label
		ADDED from src\main\AndroidManifest.xml:356:9-41
	android:targetPackage
		ADDED from src\main\AndroidManifest.xml:357:9-59
	android:name
		ADDED from src\main\AndroidManifest.xml:355:9-62
supports-screens
ADDED from src\main\AndroidManifest.xml:359:5-365:24
	android:largeScreens
		ADDED from src\main\AndroidManifest.xml:361:9-36
	android:smallScreens
		ADDED from src\main\AndroidManifest.xml:364:9-36
	android:normalScreens
		ADDED from src\main\AndroidManifest.xml:362:9-37
	android:resizeable
		ADDED from src\main\AndroidManifest.xml:363:9-34
	android:anyDensity
		ADDED from src\main\AndroidManifest.xml:360:9-34